<?xml version="1.0" encoding="UTF-8"?>
<testng-results ignored="0" total="0" passed="0" failed="0" skipped="0">
  <reporter-output>
  </reporter-output>
  <suite started-at="2022-09-27T04:29:06 EDT" name="testRunner.TestRunner" finished-at="2022-09-27T04:29:06 EDT" duration-ms="17">
    <groups>
    </groups>
    <test started-at="2022-09-27T04:29:06 EDT" name="Command line test" finished-at="2022-09-27T04:29:06 EDT" duration-ms="17">
    </test> <!-- Command line test -->
  </suite> <!-- testRunner.TestRunner -->
</testng-results>
